\BOOKMARK [0][-]{chapter*.7}{\376\377\000I\000n\000t\000r\000o\000d\000u\000c\000t\000i\000o\000n}{}% 1
\BOOKMARK [0][-]{chapter*.8}{\376\377\000I\000n\000t\000r\000o\000d\000u\000c\000t\000i\000o\000n}{}% 2
\BOOKMARK [0][-]{chapter.1}{\376\377\000N\000e\000u\000r\000a\000l\000\040\000N\000e\000t\000w\000o\000r\000k\000s}{}% 3
\BOOKMARK [1][-]{section.1.1}{\376\377\000A\000r\000t\000i\000f\000i\000c\000i\000a\000l\000\040\000N\000e\000u\000r\000o\000n}{chapter.1}% 4
\BOOKMARK [2][-]{subsection.1.1.1}{\376\377\000P\000e\000r\000c\000e\000p\000t\000r\000o\000n}{section.1.1}% 5
\BOOKMARK [2][-]{subsection.1.1.2}{\376\377\000S\000i\000g\000m\000o\000i\000d\000\040\000N\000e\000u\000r\000o\000n}{section.1.1}% 6
\BOOKMARK [2][-]{subsection.1.1.3}{\376\377\000A\000c\000t\000i\000v\000a\000t\000i\000o\000n\000\040\000F\000u\000n\000c\000t\000i\000o\000n}{section.1.1}% 7
\BOOKMARK [3][-]{subsubsection.1.1.3.1}{\376\377\000S\000i\000g\000m\000o\000i\000d\000\040\000F\000u\000n\000c\000t\000i\000o\000n}{subsection.1.1.3}% 8
\BOOKMARK [3][-]{subsubsection.1.1.3.2}{\376\377\000H\000y\000p\000e\000r\000b\000o\000l\000i\000c\000\040\000T\000a\000n\000g\000e\000n\000t}{subsection.1.1.3}% 9
\BOOKMARK [3][-]{subsubsection.1.1.3.3}{\376\377\000R\000e\000c\000t\000i\000f\000i\000e\000d\000\040\000L\000i\000n\000e\000a\000r\000\040\000U\000n\000i\000t}{subsection.1.1.3}% 10
\BOOKMARK [3][-]{subsubsection.1.1.3.4}{\376\377\000S\000o\000f\000t\000m\000a\000x}{subsection.1.1.3}% 11
\BOOKMARK [1][-]{section.1.2}{\376\377\000T\000y\000p\000e\000s\000\040\000o\000f\000\040\000N\000e\000u\000r\000a\000l\000\040\000N\000e\000t\000w\000o\000r\000k\000s}{chapter.1}% 12
\BOOKMARK [2][-]{subsection.1.2.1}{\376\377\000F\000e\000e\000d\000-\000f\000o\000r\000w\000a\000r\000d\000\040\000N\000e\000t\000w\000o\000r\000k\000s}{section.1.2}% 13
\BOOKMARK [3][-]{subsubsection.1.2.1.1}{\376\377\000C\000o\000s\000t\000\040\000F\000u\000n\000c\000t\000i\000o\000n}{subsection.1.2.1}% 14
\BOOKMARK [3][-]{subsubsection.1.2.1.2}{\376\377\000B\000a\000c\000k\000p\000r\000o\000p\000a\000g\000a\000t\000i\000o\000n}{subsection.1.2.1}% 15
\BOOKMARK [2][-]{subsection.1.2.2}{\376\377\000C\000o\000n\000v\000o\000l\000u\000t\000i\000o\000n\000a\000l\000\040\000N\000e\000u\000r\000a\000l\000\040\000N\000e\000t\000w\000o\000r\000k\000s}{section.1.2}% 16
\BOOKMARK [3][-]{subsubsection.1.2.2.1}{\376\377\000C\000o\000n\000v\000o\000l\000u\000t\000i\000o\000n\000a\000l\000\040\000L\000a\000y\000e\000r}{subsection.1.2.2}% 17
\BOOKMARK [3][-]{subsubsection.1.2.2.2}{\376\377\000P\000o\000o\000l\000i\000n\000g\000\040\000L\000a\000y\000e\000r}{subsection.1.2.2}% 18
\BOOKMARK [2][-]{subsection.1.2.3}{\376\377\000G\000r\000a\000p\000h\000\040\000N\000e\000u\000r\000a\000l\000\040\000N\000e\000t\000w\000o\000r\000k\000s}{section.1.2}% 19
\BOOKMARK [3][-]{subsubsection.1.2.3.1}{\376\377\000N\000o\000d\000e\000\040\000e\000m\000b\000e\000d\000d\000i\000n\000g}{subsection.1.2.3}% 20
\BOOKMARK [3][-]{subsubsection.1.2.3.2}{\376\377\000G\000e\000o\000m\000e\000t\000r\000i\000c\000\040\000g\000r\000a\000p\000h\000s}{subsection.1.2.3}% 21
